
2023/10/06 (23:09:23) | ===> btop++ v.1.2.13
2023/10/06 (23:09:23) | INFO: Logger set to DEBUG
2023/10/06 (23:09:23) | DEBUG: Using locale en_US.UTF-8
2023/10/06 (23:09:23) | INFO: Running on /dev/pts/2
2023/10/06 (23:09:23) | DEBUG: Loading theme file: /home/banana/.config/btop/themes/catppuccin_mocha.theme

2023/10/06 (23:12:11) | ===> btop++ v.1.2.13
2023/10/06 (23:12:11) | INFO: Logger set to DEBUG
2023/10/06 (23:12:11) | DEBUG: Using locale en_US.UTF-8
2023/10/06 (23:12:11) | INFO: Running on /dev/pts/2
2023/10/06 (23:12:12) | DEBUG: Loading theme file: /home/banana/.config/btop/themes/catppuccin_mocha.theme

2023/10/06 (23:13:40) | ===> btop++ v.1.2.13
2023/10/06 (23:13:40) | INFO: Logger set to DEBUG
2023/10/06 (23:13:40) | DEBUG: Using locale en_US.UTF-8
2023/10/06 (23:13:40) | INFO: Running on /dev/tty1
2023/10/06 (23:13:40) | INFO: Real tty detected: setting 16 color mode and using tty friendly graph symbols

2023/10/06 (23:13:40) | ===> btop++ v.1.2.13
2023/10/06 (23:13:40) | INFO: Logger set to DEBUG
2023/10/06 (23:13:40) | DEBUG: Using locale en_US.UTF-8
2023/10/06 (23:13:40) | INFO: Running on /dev/tty1
2023/10/06 (23:13:40) | INFO: Real tty detected: setting 16 color mode and using tty friendly graph symbols

2023/10/06 (23:13:40) | ===> btop++ v.1.2.13
2023/10/06 (23:13:40) | INFO: Logger set to DEBUG
2023/10/06 (23:13:40) | DEBUG: Using locale en_US.UTF-8
2023/10/06 (23:13:40) | INFO: Running on /dev/tty1
2023/10/06 (23:13:40) | INFO: Real tty detected: setting 16 color mode and using tty friendly graph symbols

2023/10/06 (23:13:41) | ===> btop++ v.1.2.13
2023/10/06 (23:13:41) | INFO: Logger set to DEBUG
2023/10/06 (23:13:41) | DEBUG: Using locale en_US.UTF-8
2023/10/06 (23:13:41) | INFO: Running on /dev/tty1
2023/10/06 (23:13:41) | INFO: Real tty detected: setting 16 color mode and using tty friendly graph symbols
2023/10/06 (23:13:41) | DEBUG: Writing new config file
2023/10/06 (23:13:41) | ERROR: Failed to get size of terminal!
2023/10/06 (23:13:41) | INFO: Quitting! Runtime: 00:00:01
2023/10/06 (23:13:41) | DEBUG: Writing new config file
2023/10/06 (23:13:41) | ERROR: Failed to get size of terminal!
2023/10/06 (23:13:41) | INFO: Quitting! Runtime: 00:00:01
2023/10/06 (23:13:41) | DEBUG: Writing new config file
2023/10/06 (23:13:41) | ERROR: Failed to get size of terminal!
2023/10/06 (23:13:41) | INFO: Quitting! Runtime: 00:00:01
2023/10/06 (23:13:42) | DEBUG: Writing new config file
2023/10/06 (23:13:42) | ERROR: Failed to get size of terminal!
2023/10/06 (23:13:42) | INFO: Quitting! Runtime: 00:00:01

2023/10/06 (23:14:01) | ===> btop++ v.1.2.13
2023/10/06 (23:14:01) | INFO: Logger set to DEBUG
2023/10/06 (23:14:01) | DEBUG: Using locale en_US.UTF-8
2023/10/06 (23:14:01) | INFO: Running on /dev/tty1
2023/10/06 (23:14:01) | INFO: Real tty detected: setting 16 color mode and using tty friendly graph symbols

2023/10/06 (23:14:02) | ===> btop++ v.1.2.13
2023/10/06 (23:14:02) | INFO: Logger set to DEBUG
2023/10/06 (23:14:02) | DEBUG: Using locale en_US.UTF-8
2023/10/06 (23:14:02) | INFO: Running on /dev/tty1
2023/10/06 (23:14:02) | INFO: Real tty detected: setting 16 color mode and using tty friendly graph symbols

2023/10/06 (23:14:02) | ===> btop++ v.1.2.13
2023/10/06 (23:14:02) | INFO: Logger set to DEBUG
2023/10/06 (23:14:02) | DEBUG: Using locale en_US.UTF-8
2023/10/06 (23:14:02) | INFO: Running on /dev/tty1
2023/10/06 (23:14:02) | INFO: Real tty detected: setting 16 color mode and using tty friendly graph symbols
2023/10/06 (23:14:02) | ERROR: Failed to get size of terminal!
2023/10/06 (23:14:02) | INFO: Quitting! Runtime: 00:00:01

2023/10/06 (23:14:02) | ===> btop++ v.1.2.13
2023/10/06 (23:14:02) | INFO: Logger set to DEBUG
2023/10/06 (23:14:02) | DEBUG: Using locale en_US.UTF-8
2023/10/06 (23:14:02) | INFO: Running on /dev/tty1
2023/10/06 (23:14:02) | INFO: Real tty detected: setting 16 color mode and using tty friendly graph symbols

2023/10/06 (23:14:02) | ===> btop++ v.1.2.13
2023/10/06 (23:14:02) | INFO: Logger set to DEBUG
2023/10/06 (23:14:02) | DEBUG: Using locale en_US.UTF-8
2023/10/06 (23:14:02) | INFO: Running on /dev/tty1
2023/10/06 (23:14:02) | INFO: Real tty detected: setting 16 color mode and using tty friendly graph symbols

2023/10/06 (23:14:02) | ===> btop++ v.1.2.13
2023/10/06 (23:14:02) | INFO: Logger set to DEBUG
2023/10/06 (23:14:02) | DEBUG: Using locale en_US.UTF-8
2023/10/06 (23:14:02) | INFO: Running on /dev/tty1
2023/10/06 (23:14:02) | INFO: Real tty detected: setting 16 color mode and using tty friendly graph symbols

2023/10/06 (23:14:02) | ===> btop++ v.1.2.13
2023/10/06 (23:14:02) | INFO: Logger set to DEBUG
2023/10/06 (23:14:02) | DEBUG: Using locale en_US.UTF-8
2023/10/06 (23:14:02) | INFO: Running on /dev/tty1
2023/10/06 (23:14:02) | INFO: Real tty detected: setting 16 color mode and using tty friendly graph symbols
2023/10/06 (23:14:03) | ERROR: Failed to get size of terminal!
2023/10/06 (23:14:03) | INFO: Quitting! Runtime: 00:00:01

2023/10/06 (23:14:03) | ===> btop++ v.1.2.13
2023/10/06 (23:14:03) | INFO: Logger set to DEBUG
2023/10/06 (23:14:03) | DEBUG: Using locale en_US.UTF-8
2023/10/06 (23:14:03) | INFO: Running on /dev/tty1
2023/10/06 (23:14:03) | INFO: Real tty detected: setting 16 color mode and using tty friendly graph symbols
2023/10/06 (23:14:03) | ERROR: Failed to get size of terminal!
2023/10/06 (23:14:03) | INFO: Quitting! Runtime: 00:00:01

2023/10/06 (23:14:03) | ===> btop++ v.1.2.13
2023/10/06 (23:14:03) | INFO: Logger set to DEBUG
2023/10/06 (23:14:03) | DEBUG: Using locale en_US.UTF-8
2023/10/06 (23:14:03) | INFO: Running on /dev/tty1
2023/10/06 (23:14:03) | INFO: Real tty detected: setting 16 color mode and using tty friendly graph symbols
2023/10/06 (23:14:03) | ERROR: Failed to get size of terminal!
2023/10/06 (23:14:03) | INFO: Quitting! Runtime: 00:00:01

2023/10/06 (23:14:03) | ===> btop++ v.1.2.13
2023/10/06 (23:14:03) | INFO: Logger set to DEBUG
2023/10/06 (23:14:03) | DEBUG: Using locale en_US.UTF-8
2023/10/06 (23:14:03) | INFO: Running on /dev/tty1
2023/10/06 (23:14:03) | INFO: Real tty detected: setting 16 color mode and using tty friendly graph symbols
2023/10/06 (23:14:03) | ERROR: Failed to get size of terminal!
2023/10/06 (23:14:03) | INFO: Quitting! Runtime: 00:00:01

2023/10/06 (23:14:03) | ===> btop++ v.1.2.13
2023/10/06 (23:14:03) | INFO: Logger set to DEBUG
2023/10/06 (23:14:03) | DEBUG: Using locale en_US.UTF-8
2023/10/06 (23:14:03) | INFO: Running on /dev/tty1
2023/10/06 (23:14:03) | INFO: Real tty detected: setting 16 color mode and using tty friendly graph symbols
2023/10/06 (23:14:03) | ERROR: Failed to get size of terminal!
2023/10/06 (23:14:03) | INFO: Quitting! Runtime: 00:00:01

2023/10/06 (23:14:03) | ===> btop++ v.1.2.13
2023/10/06 (23:14:03) | INFO: Logger set to DEBUG
2023/10/06 (23:14:03) | DEBUG: Using locale en_US.UTF-8
2023/10/06 (23:14:03) | INFO: Running on /dev/tty1
2023/10/06 (23:14:03) | INFO: Real tty detected: setting 16 color mode and using tty friendly graph symbols
2023/10/06 (23:14:03) | ERROR: Failed to get size of terminal!
2023/10/06 (23:14:03) | INFO: Quitting! Runtime: 00:00:01

2023/10/06 (23:14:04) | ===> btop++ v.1.2.13
2023/10/06 (23:14:04) | INFO: Logger set to DEBUG
2023/10/06 (23:14:04) | DEBUG: Using locale en_US.UTF-8
2023/10/06 (23:14:04) | INFO: Running on /dev/tty1
2023/10/06 (23:14:04) | INFO: Real tty detected: setting 16 color mode and using tty friendly graph symbols
2023/10/06 (23:14:04) | ERROR: Failed to get size of terminal!
2023/10/06 (23:14:04) | INFO: Quitting! Runtime: 00:00:01

2023/10/06 (23:14:04) | ===> btop++ v.1.2.13
2023/10/06 (23:14:04) | INFO: Logger set to DEBUG
2023/10/06 (23:14:04) | DEBUG: Using locale en_US.UTF-8
2023/10/06 (23:14:04) | INFO: Running on /dev/tty1
2023/10/06 (23:14:04) | INFO: Real tty detected: setting 16 color mode and using tty friendly graph symbols
2023/10/06 (23:14:04) | ERROR: Failed to get size of terminal!
2023/10/06 (23:14:04) | INFO: Quitting! Runtime: 00:00:01

2023/10/06 (23:14:04) | ===> btop++ v.1.2.13
2023/10/06 (23:14:04) | INFO: Logger set to DEBUG
2023/10/06 (23:14:04) | DEBUG: Using locale en_US.UTF-8
2023/10/06 (23:14:04) | INFO: Running on /dev/tty1
2023/10/06 (23:14:04) | INFO: Real tty detected: setting 16 color mode and using tty friendly graph symbols
2023/10/06 (23:14:04) | ERROR: Failed to get size of terminal!
2023/10/06 (23:14:04) | INFO: Quitting! Runtime: 00:00:01
2023/10/06 (23:14:04) | ERROR: Failed to get size of terminal!
2023/10/06 (23:14:04) | INFO: Quitting! Runtime: 00:00:01
2023/10/06 (23:14:04) | ERROR: Failed to get size of terminal!
2023/10/06 (23:14:04) | INFO: Quitting! Runtime: 00:00:01
2023/10/06 (23:14:05) | ERROR: Failed to get size of terminal!
2023/10/06 (23:14:05) | INFO: Quitting! Runtime: 00:00:01
2023/10/06 (23:14:05) | ERROR: Failed to get size of terminal!
2023/10/06 (23:14:05) | INFO: Quitting! Runtime: 00:00:01
2023/10/06 (23:14:05) | ERROR: Failed to get size of terminal!
2023/10/06 (23:14:05) | INFO: Quitting! Runtime: 00:00:01

2023/10/06 (23:15:01) | ===> btop++ v.1.2.13
2023/10/06 (23:15:01) | INFO: Logger set to DEBUG
2023/10/06 (23:15:01) | DEBUG: Using locale en_US.UTF-8
2023/10/06 (23:15:01) | INFO: Running on /dev/pts/2
2023/10/06 (23:15:01) | DEBUG: Loading theme file: /home/banana/.config/btop/themes/catppuccin_mocha.theme

2023/10/06 (23:15:27) | ===> btop++ v.1.2.13
2023/10/06 (23:15:27) | INFO: Logger set to DEBUG
2023/10/06 (23:15:27) | DEBUG: Using locale en_US.UTF-8
2023/10/06 (23:15:27) | INFO: Running on /dev/pts/2
2023/10/06 (23:15:27) | DEBUG: Loading theme file: /home/banana/.config/btop/themes/catppuccin_mocha.theme

2023/10/06 (23:24:05) | ===> btop++ v.1.2.13
2023/10/06 (23:24:05) | INFO: Logger set to DEBUG
2023/10/06 (23:24:05) | DEBUG: Using locale en_US.UTF-8
2023/10/06 (23:24:05) | INFO: Running on /dev/pts/3
2023/10/06 (23:24:05) | DEBUG: Loading theme file: /home/banana/.config/btop/themes/catppuccin_mocha.theme

2023/10/07 (14:39:24) | ===> btop++ v.1.2.13
2023/10/07 (14:39:24) | INFO: Logger set to DEBUG
2023/10/07 (14:39:24) | DEBUG: Using locale en_US.UTF-8
2023/10/07 (14:39:24) | INFO: Running on /dev/pts/5
2023/10/07 (14:39:25) | DEBUG: Loading theme file: /home/banana/.config/btop/themes/catppuccin_mocha.theme

2023/10/07 (22:52:35) | ===> btop++ v.1.2.13
2023/10/07 (22:52:35) | INFO: Logger set to DEBUG
2023/10/07 (22:52:35) | DEBUG: Using locale en_US.UTF-8
2023/10/07 (22:52:35) | INFO: Running on /dev/pts/3
2023/10/07 (22:52:35) | DEBUG: Loading theme file: /home/banana/.config/btop/themes/catppuccin_mocha.theme

2023/10/07 (23:38:02) | ===> btop++ v.1.2.13
2023/10/07 (23:38:02) | INFO: Logger set to DEBUG
2023/10/07 (23:38:02) | DEBUG: Using locale en_US.UTF-8
2023/10/07 (23:38:02) | INFO: Running on /dev/pts/3
2023/10/07 (23:38:02) | DEBUG: Loading theme file: /home/banana/.config/btop/themes/catppuccin_mocha.theme

2023/10/08 (01:04:27) | ===> btop++ v.1.2.13
2023/10/08 (01:04:27) | INFO: Logger set to DEBUG
2023/10/08 (01:04:27) | DEBUG: Using locale en_US.UTF-8
2023/10/08 (01:04:27) | INFO: Running on /dev/pts/3
2023/10/08 (01:04:27) | DEBUG: Loading theme file: /home/banana/.config/btop/themes/catppuccin_mocha.theme

2023/10/08 (15:53:43) | ===> btop++ v.1.2.13
2023/10/08 (15:53:43) | INFO: Logger set to DEBUG
2023/10/08 (15:53:43) | DEBUG: Using locale en_US.UTF-8
2023/10/08 (15:53:43) | INFO: Running on /dev/pts/1
2023/10/08 (15:53:43) | DEBUG: Loading theme file: /home/banana/.config/btop/themes/catppuccin_mocha.theme

2023/10/08 (16:05:06) | ===> btop++ v.1.2.13
2023/10/08 (16:05:06) | INFO: Logger set to DEBUG
2023/10/08 (16:05:06) | DEBUG: Using locale en_US.UTF-8
2023/10/08 (16:05:06) | INFO: Running on /dev/pts/2
2023/10/08 (16:05:06) | DEBUG: Loading theme file: /home/banana/.config/btop/themes/catppuccin_mocha.theme

2023/10/10 (19:36:29) | ===> btop++ v.1.2.13
2023/10/10 (19:36:29) | INFO: Logger set to DEBUG
2023/10/10 (19:36:29) | DEBUG: Using locale en_US.UTF-8
2023/10/10 (19:36:29) | INFO: Running on /dev/pts/3
2023/10/10 (19:36:29) | DEBUG: Loading theme file: /home/banana/.config/btop/themes/catppuccin_mocha.theme

2023/10/11 (01:26:49) | ===> btop++ v.1.2.13
2023/10/11 (01:26:49) | INFO: Logger set to DEBUG
2023/10/11 (01:26:49) | DEBUG: Using locale en_US.UTF-8
2023/10/11 (01:26:49) | INFO: Running on /dev/pts/3
2023/10/11 (01:26:49) | DEBUG: Loading theme file: /home/banana/.config/btop/themes/catppuccin_mocha.theme

2023/10/11 (01:29:03) | ===> btop++ v.1.2.13
2023/10/11 (01:29:03) | INFO: Logger set to DEBUG
2023/10/11 (01:29:03) | DEBUG: Using locale en_US.UTF-8
2023/10/11 (01:29:03) | INFO: Running on /dev/pts/3
2023/10/11 (01:29:03) | DEBUG: Loading theme file: /home/banana/.config/btop/themes/catppuccin_mocha.theme

2023/10/11 (01:29:20) | ===> btop++ v.1.2.13
2023/10/11 (01:29:20) | INFO: Logger set to DEBUG
2023/10/11 (01:29:20) | DEBUG: Using locale en_US.UTF-8
2023/10/11 (01:29:20) | INFO: Running on /dev/pts/3
2023/10/11 (01:29:20) | DEBUG: Loading theme file: /home/banana/.config/btop/themes/catppuccin_mocha.theme

2023/10/11 (08:53:53) | ===> btop++ v.1.2.13
2023/10/11 (08:53:53) | INFO: Logger set to DEBUG
2023/10/11 (08:53:53) | DEBUG: Using locale en_US.UTF-8
2023/10/11 (08:53:53) | INFO: Running on /dev/pts/0
2023/10/11 (08:53:53) | DEBUG: Loading theme file: /home/banana/.config/btop/themes/catppuccin_mocha.theme

2023/10/11 (10:31:34) | ===> btop++ v.1.2.13
2023/10/11 (10:31:34) | INFO: Logger set to DEBUG
2023/10/11 (10:31:34) | DEBUG: Using locale en_US.UTF-8
2023/10/11 (10:31:34) | INFO: Running on /dev/pts/1
2023/10/11 (10:31:34) | DEBUG: Loading theme file: /home/banana/.config/btop/themes/catppuccin_mocha.theme

2023/10/11 (11:27:08) | ===> btop++ v.1.2.13
2023/10/11 (11:27:08) | INFO: Logger set to DEBUG
2023/10/11 (11:27:08) | DEBUG: Using locale en_US.UTF-8
2023/10/11 (11:27:08) | INFO: Running on /dev/pts/1
2023/10/11 (11:27:08) | DEBUG: Loading theme file: /home/banana/.config/btop/themes/catppuccin_mocha.theme

2023/10/11 (14:39:20) | ===> btop++ v.1.2.13
2023/10/11 (14:39:20) | INFO: Logger set to DEBUG
2023/10/11 (14:39:20) | DEBUG: Using locale en_US.UTF-8
2023/10/11 (14:39:20) | INFO: Running on /dev/pts/0
2023/10/11 (14:39:20) | DEBUG: Loading theme file: /home/banana/.config/btop/themes/catppuccin_mocha.theme

2023/10/11 (14:42:43) | ===> btop++ v.1.2.13
2023/10/11 (14:42:43) | INFO: Logger set to DEBUG
2023/10/11 (14:42:43) | DEBUG: Using locale en_US.UTF-8
2023/10/11 (14:42:43) | INFO: Running on /dev/pts/0
2023/10/11 (14:42:43) | DEBUG: Loading theme file: /home/banana/.config/btop/themes/catppuccin_mocha.theme

2023/10/11 (15:15:45) | ===> btop++ v.1.2.13
2023/10/11 (15:15:45) | INFO: Logger set to DEBUG
2023/10/11 (15:15:45) | DEBUG: Using locale en_US.UTF-8
2023/10/11 (15:15:45) | INFO: Running on /dev/pts/2
2023/10/11 (15:15:45) | DEBUG: Loading theme file: /home/banana/.config/btop/themes/catppuccin_mocha.theme

2023/10/11 (16:40:58) | ===> btop++ v.1.2.13
2023/10/11 (16:40:58) | INFO: Logger set to DEBUG
2023/10/11 (16:40:58) | DEBUG: Using locale en_US.UTF-8
2023/10/11 (16:40:58) | INFO: Running on /dev/pts/0
2023/10/11 (16:40:58) | DEBUG: Loading theme file: /home/banana/.config/btop/themes/catppuccin_mocha.theme

2023/10/11 (17:04:20) | ===> btop++ v.1.2.13
2023/10/11 (17:04:20) | INFO: Logger set to DEBUG
2023/10/11 (17:04:20) | DEBUG: Using locale en_US.UTF-8
2023/10/11 (17:04:20) | INFO: Running on /dev/pts/0
2023/10/11 (17:04:20) | DEBUG: Loading theme file: /home/banana/.config/btop/themes/catppuccin_mocha.theme
2023/10/11 (18:03:38) | ERROR: Stall in Runner thread, restarting!
2023/10/11 (18:15:51) | ERROR: Stall in Runner thread, restarting!

2023/10/11 (18:28:55) | ===> btop++ v.1.2.13
2023/10/11 (18:28:55) | INFO: Logger set to DEBUG
2023/10/11 (18:28:55) | DEBUG: Using locale en_US.UTF-8
2023/10/11 (18:28:55) | INFO: Running on /dev/pts/1
2023/10/11 (18:28:55) | DEBUG: Loading theme file: /home/banana/.config/btop/themes/catppuccin_mocha.theme

2023/10/11 (18:32:47) | ===> btop++ v.1.2.13
2023/10/11 (18:32:47) | INFO: Logger set to DEBUG
2023/10/11 (18:32:47) | DEBUG: Using locale en_US.UTF-8
2023/10/11 (18:32:47) | INFO: Running on /dev/pts/2
2023/10/11 (18:32:47) | DEBUG: Loading theme file: /home/banana/.config/btop/themes/catppuccin_mocha.theme
2023/10/11 (20:00:54) | ERROR: Stall in Runner thread, restarting!

2023/10/11 (20:10:13) | ===> btop++ v.1.2.13
2023/10/11 (20:10:13) | INFO: Logger set to DEBUG
2023/10/11 (20:10:13) | DEBUG: Using locale en_US.UTF-8
2023/10/11 (20:10:13) | INFO: Running on /dev/pts/1
2023/10/11 (20:10:13) | DEBUG: Loading theme file: /home/banana/.config/btop/themes/catppuccin_mocha.theme

2023/10/11 (20:52:26) | ===> btop++ v.1.2.13
2023/10/11 (20:52:26) | INFO: Logger set to DEBUG
2023/10/11 (20:52:26) | DEBUG: Using locale en_US.UTF-8
2023/10/11 (20:52:26) | INFO: Running on /dev/pts/1
2023/10/11 (20:52:26) | DEBUG: Loading theme file: /home/banana/.config/btop/themes/catppuccin_mocha.theme

2023/10/11 (21:28:35) | ===> btop++ v.1.2.13
2023/10/11 (21:28:35) | INFO: Logger set to DEBUG
2023/10/11 (21:28:35) | DEBUG: Using locale en_US.UTF-8
2023/10/11 (21:28:35) | INFO: Running on /dev/pts/1
2023/10/11 (21:28:35) | DEBUG: Loading theme file: /home/banana/.config/btop/themes/catppuccin_mocha.theme

2023/10/12 (00:34:54) | ===> btop++ v.1.2.13
2023/10/12 (00:34:54) | INFO: Logger set to DEBUG
2023/10/12 (00:34:54) | DEBUG: Using locale en_US.UTF-8
2023/10/12 (00:34:54) | INFO: Running on /dev/pts/2
2023/10/12 (00:34:54) | DEBUG: Loading theme file: /home/banana/.config/btop/themes/catppuccin_mocha.theme

2023/10/12 (10:18:59) | ===> btop++ v.1.2.13
2023/10/12 (10:18:59) | INFO: Logger set to DEBUG
2023/10/12 (10:18:59) | DEBUG: Using locale en_US.UTF-8
2023/10/12 (10:18:59) | INFO: Running on /dev/pts/9
2023/10/12 (10:18:59) | DEBUG: Loading theme file: /home/banana/.config/btop/themes/catppuccin_mocha.theme

2023/10/12 (10:20:33) | ===> btop++ v.1.2.13
2023/10/12 (10:20:33) | INFO: Logger set to DEBUG
2023/10/12 (10:20:33) | DEBUG: Using locale en_US.UTF-8
2023/10/12 (10:20:33) | INFO: Running on /dev/pts/9
2023/10/12 (10:20:33) | DEBUG: Loading theme file: /home/banana/.config/btop/themes/catppuccin_mocha.theme

2023/10/12 (10:22:55) | ===> btop++ v.1.2.13
2023/10/12 (10:22:55) | INFO: Logger set to DEBUG
2023/10/12 (10:22:55) | DEBUG: Using locale en_US.UTF-8
2023/10/12 (10:22:55) | INFO: Running on /dev/pts/9
2023/10/12 (10:22:55) | DEBUG: Loading theme file: /home/banana/.config/btop/themes/catppuccin_mocha.theme

2023/10/12 (10:32:16) | ===> btop++ v.1.2.13
2023/10/12 (10:32:16) | INFO: Logger set to DEBUG
2023/10/12 (10:32:16) | DEBUG: Using locale en_US.UTF-8
2023/10/12 (10:32:16) | INFO: Running on /dev/pts/8
2023/10/12 (10:32:16) | DEBUG: Loading theme file: /home/banana/.config/btop/themes/catppuccin_mocha.theme

2023/10/12 (10:33:22) | ===> btop++ v.1.2.13
2023/10/12 (10:33:22) | INFO: Logger set to DEBUG
2023/10/12 (10:33:22) | DEBUG: Using locale en_US.UTF-8
2023/10/12 (10:33:22) | INFO: Running on /dev/pts/8
2023/10/12 (10:33:22) | DEBUG: Loading theme file: /home/banana/.config/btop/themes/catppuccin_mocha.theme

2023/10/12 (16:32:29) | ===> btop++ v.1.2.13
2023/10/12 (16:32:29) | INFO: Logger set to DEBUG
2023/10/12 (16:32:29) | DEBUG: Using locale en_US.UTF-8
2023/10/12 (16:32:29) | INFO: Running on /dev/pts/1
2023/10/12 (16:32:29) | DEBUG: Loading theme file: /home/banana/.config/btop/themes/catppuccin_mocha.theme

2023/10/12 (16:43:20) | ===> btop++ v.1.2.13
2023/10/12 (16:43:20) | INFO: Logger set to DEBUG
2023/10/12 (16:43:20) | DEBUG: Using locale en_US.UTF-8
2023/10/12 (16:43:20) | INFO: Running on /dev/pts/1
2023/10/12 (16:43:20) | DEBUG: Loading theme file: /home/banana/.config/btop/themes/catppuccin_mocha.theme

2023/10/12 (17:10:46) | ===> btop++ v.1.2.13
2023/10/12 (17:10:46) | INFO: Logger set to DEBUG
2023/10/12 (17:10:46) | DEBUG: Using locale en_US.UTF-8
2023/10/12 (17:10:46) | INFO: Running on /dev/pts/1
2023/10/12 (17:10:46) | DEBUG: Loading theme file: /home/banana/.config/btop/themes/catppuccin_mocha.theme

2023/10/12 (22:41:41) | ===> btop++ v.1.2.13
2023/10/12 (22:41:41) | INFO: Logger set to DEBUG
2023/10/12 (22:41:41) | DEBUG: Using locale en_US.UTF-8
2023/10/12 (22:41:41) | INFO: Running on /dev/pts/5
2023/10/12 (22:41:41) | DEBUG: Loading theme file: /home/banana/.config/btop/themes/catppuccin_mocha.theme

2023/10/12 (23:46:18) | ===> btop++ v.1.2.13
2023/10/12 (23:46:18) | INFO: Logger set to DEBUG
2023/10/12 (23:46:18) | DEBUG: Using locale en_US.UTF-8
2023/10/12 (23:46:18) | INFO: Running on /dev/pts/1
2023/10/12 (23:46:18) | DEBUG: Loading theme file: /home/banana/.config/btop/themes/catppuccin_mocha.theme

2023/10/12 (23:46:22) | ===> btop++ v.1.2.13
2023/10/12 (23:46:22) | INFO: Logger set to DEBUG
2023/10/12 (23:46:22) | DEBUG: Using locale en_US.UTF-8
2023/10/12 (23:46:22) | INFO: Running on /dev/pts/1
2023/10/12 (23:46:22) | DEBUG: Loading theme file: /home/banana/.config/btop/themes/catppuccin_mocha.theme

2023/10/12 (23:48:15) | ===> btop++ v.1.2.13
2023/10/12 (23:48:15) | INFO: Logger set to DEBUG
2023/10/12 (23:48:15) | DEBUG: Using locale en_US.UTF-8
2023/10/12 (23:48:15) | INFO: Running on /dev/pts/1
2023/10/12 (23:48:15) | DEBUG: Loading theme file: /home/banana/.config/btop/themes/catppuccin_mocha.theme

2023/10/12 (23:49:20) | ===> btop++ v.1.2.13
2023/10/12 (23:49:20) | INFO: Logger set to DEBUG
2023/10/12 (23:49:20) | DEBUG: Using locale en_US.UTF-8
2023/10/12 (23:49:20) | INFO: Running on /dev/pts/2
2023/10/12 (23:49:20) | DEBUG: Loading theme file: /home/banana/.config/btop/themes/catppuccin_mocha.theme

2023/10/13 (00:08:29) | ===> btop++ v.1.2.13
2023/10/13 (00:08:29) | INFO: Logger set to DEBUG
2023/10/13 (00:08:29) | DEBUG: Using locale en_US.UTF-8
2023/10/13 (00:08:29) | INFO: Running on /dev/pts/2
2023/10/13 (00:08:29) | DEBUG: Loading theme file: /home/banana/.config/btop/themes/catppuccin_mocha.theme

2023/10/13 (00:19:10) | ===> btop++ v.1.2.13
2023/10/13 (00:19:10) | INFO: Logger set to DEBUG
2023/10/13 (00:19:10) | DEBUG: Using locale en_US.UTF-8
2023/10/13 (00:19:10) | INFO: Running on /dev/pts/0
2023/10/13 (00:19:10) | DEBUG: Loading theme file: /home/banana/.config/btop/themes/catppuccin_mocha.theme

2023/10/13 (00:19:48) | ===> btop++ v.1.2.13
2023/10/13 (00:19:48) | INFO: Logger set to DEBUG
2023/10/13 (00:19:48) | DEBUG: Using locale en_US.UTF-8
2023/10/13 (00:19:48) | INFO: Running on /dev/pts/0
2023/10/13 (00:19:48) | DEBUG: Loading theme file: /home/banana/.config/btop/themes/catppuccin_mocha.theme

2023/10/14 (14:24:46) | ===> btop++ v.1.2.13
2023/10/14 (14:24:46) | INFO: Logger set to DEBUG
2023/10/14 (14:24:46) | DEBUG: Using locale en_US.UTF-8
2023/10/14 (14:24:46) | INFO: Running on /dev/pts/1
2023/10/14 (14:24:46) | DEBUG: Loading theme file: /home/banana/.config/btop/themes/catppuccin_mocha.theme

2023/10/14 (14:35:19) | ===> btop++ v.1.2.13
2023/10/14 (14:35:19) | INFO: Logger set to DEBUG
2023/10/14 (14:35:19) | DEBUG: Using locale en_US.UTF-8
2023/10/14 (14:35:19) | INFO: Running on /dev/pts/1
2023/10/14 (14:35:19) | DEBUG: Loading theme file: /home/banana/.config/btop/themes/catppuccin_mocha.theme

2023/10/14 (14:38:58) | ===> btop++ v.1.2.13
2023/10/14 (14:38:58) | INFO: Logger set to DEBUG
2023/10/14 (14:38:58) | DEBUG: Using locale en_US.UTF-8
2023/10/14 (14:38:58) | INFO: Running on /dev/pts/1
2023/10/14 (14:38:58) | DEBUG: Loading theme file: /home/banana/.config/btop/themes/catppuccin_mocha.theme

2023/10/14 (15:42:08) | ===> btop++ v.1.2.13
2023/10/14 (15:42:08) | INFO: Logger set to DEBUG
2023/10/14 (15:42:08) | DEBUG: Using locale en_US.UTF-8
2023/10/14 (15:42:08) | INFO: Running on /dev/pts/1
2023/10/14 (15:42:08) | DEBUG: Loading theme file: /home/banana/.config/btop/themes/catppuccin_mocha.theme

2023/10/14 (23:39:35) | ===> btop++ v.1.2.13
2023/10/14 (23:39:35) | INFO: Logger set to DEBUG
2023/10/14 (23:39:35) | DEBUG: Using locale en_US.UTF-8
2023/10/14 (23:39:35) | INFO: Running on /dev/pts/2
2023/10/14 (23:39:35) | DEBUG: Loading theme file: /home/banana/.config/btop/themes/catppuccin_mocha.theme

2023/10/15 (00:40:39) | ===> btop++ v.1.2.13
2023/10/15 (00:40:39) | INFO: Logger set to DEBUG
2023/10/15 (00:40:39) | DEBUG: Using locale en_US.UTF-8
2023/10/15 (00:40:39) | INFO: Running on /dev/pts/2
2023/10/15 (00:40:39) | DEBUG: Loading theme file: /home/banana/.config/btop/themes/catppuccin_mocha.theme

2023/10/15 (00:57:45) | ===> btop++ v.1.2.13
2023/10/15 (00:57:45) | INFO: Logger set to DEBUG
2023/10/15 (00:57:45) | DEBUG: Using locale en_US.UTF-8
2023/10/15 (00:57:45) | INFO: Running on /dev/pts/3
2023/10/15 (00:57:45) | DEBUG: Loading theme file: /home/banana/.config/btop/themes/catppuccin_mocha.theme

2023/10/15 (01:21:45) | ===> btop++ v.1.2.13
2023/10/15 (01:21:45) | INFO: Logger set to DEBUG
2023/10/15 (01:21:45) | DEBUG: Using locale en_US.UTF-8
2023/10/15 (01:21:45) | INFO: Running on /dev/pts/5
2023/10/15 (01:21:45) | DEBUG: Loading theme file: /home/banana/.config/btop/themes/catppuccin_mocha.theme

2023/10/15 (01:23:23) | ===> btop++ v.1.2.13
2023/10/15 (01:23:23) | INFO: Logger set to DEBUG
2023/10/15 (01:23:23) | DEBUG: Using locale en_US.UTF-8
2023/10/15 (01:23:23) | INFO: Running on /dev/pts/6
2023/10/15 (01:23:23) | DEBUG: Loading theme file: /home/banana/.config/btop/themes/catppuccin_mocha.theme

2023/10/16 (16:33:33) | ===> btop++ v.1.2.13
2023/10/16 (16:33:33) | INFO: Logger set to DEBUG
2023/10/16 (16:33:33) | DEBUG: Using locale en_US.UTF-8
2023/10/16 (16:33:33) | INFO: Running on /dev/pts/1
2023/10/16 (16:33:33) | DEBUG: Loading theme file: /home/banana/.config/btop/themes/catppuccin_mocha.theme

2023/10/16 (22:48:50) | ===> btop++ v.1.2.13
2023/10/16 (22:48:50) | INFO: Logger set to DEBUG
2023/10/16 (22:48:50) | DEBUG: Using locale en_US.UTF-8
2023/10/16 (22:48:50) | INFO: Running on /dev/pts/2
2023/10/16 (22:48:50) | DEBUG: Loading theme file: /home/banana/.config/btop/themes/catppuccin_mocha.theme

2023/10/16 (23:18:50) | ===> btop++ v.1.2.13
2023/10/16 (23:18:50) | INFO: Logger set to DEBUG
2023/10/16 (23:18:50) | DEBUG: Using locale en_US.UTF-8
2023/10/16 (23:18:50) | INFO: Running on /dev/pts/2
2023/10/16 (23:18:50) | DEBUG: Loading theme file: /home/banana/.config/btop/themes/catppuccin_mocha.theme

2023/10/16 (23:43:04) | ===> btop++ v.1.2.13
2023/10/16 (23:43:04) | INFO: Logger set to DEBUG
2023/10/16 (23:43:04) | DEBUG: Using locale en_US.UTF-8
2023/10/16 (23:43:04) | INFO: Running on /dev/pts/2
2023/10/16 (23:43:04) | DEBUG: Loading theme file: /home/banana/.config/btop/themes/catppuccin_mocha.theme

2023/10/17 (00:14:47) | ===> btop++ v.1.2.13
2023/10/17 (00:14:47) | INFO: Logger set to DEBUG
2023/10/17 (00:14:47) | DEBUG: Using locale en_US.UTF-8
2023/10/17 (00:14:47) | INFO: Running on /dev/pts/1
2023/10/17 (00:14:47) | DEBUG: Loading theme file: /home/banana/.config/btop/themes/catppuccin_mocha.theme

2023/10/17 (00:15:42) | ===> btop++ v.1.2.13
2023/10/17 (00:15:42) | INFO: Logger set to DEBUG
2023/10/17 (00:15:42) | DEBUG: Using locale en_US.UTF-8
2023/10/17 (00:15:42) | INFO: Running on /dev/pts/1
2023/10/17 (00:15:42) | DEBUG: Loading theme file: /home/banana/.config/btop/themes/catppuccin_mocha.theme

2023/10/17 (00:16:45) | ===> btop++ v.1.2.13
2023/10/17 (00:16:45) | INFO: Logger set to DEBUG
2023/10/17 (00:16:45) | DEBUG: Using locale en_US.UTF-8
2023/10/17 (00:16:45) | INFO: Running on /dev/pts/1
2023/10/17 (00:16:45) | DEBUG: Loading theme file: /home/banana/.config/btop/themes/catppuccin_mocha.theme

2023/10/17 (00:17:00) | ===> btop++ v.1.2.13
2023/10/17 (00:17:00) | INFO: Logger set to DEBUG
2023/10/17 (00:17:00) | DEBUG: Using locale en_US.UTF-8
2023/10/17 (00:17:00) | INFO: Running on /dev/pts/1
2023/10/17 (00:17:00) | DEBUG: Loading theme file: /home/banana/.config/btop/themes/catppuccin_mocha.theme

2023/10/17 (00:17:21) | ===> btop++ v.1.2.13
2023/10/17 (00:17:21) | INFO: Logger set to DEBUG
2023/10/17 (00:17:21) | DEBUG: Using locale en_US.UTF-8
2023/10/17 (00:17:21) | INFO: Running on /dev/pts/1
2023/10/17 (00:17:21) | DEBUG: Loading theme file: /home/banana/.config/btop/themes/catppuccin_mocha.theme

2023/10/17 (00:17:29) | ===> btop++ v.1.2.13
2023/10/17 (00:17:29) | INFO: Logger set to DEBUG
2023/10/17 (00:17:29) | DEBUG: Using locale en_US.UTF-8
2023/10/17 (00:17:29) | INFO: Running on /dev/pts/1
2023/10/17 (00:17:29) | DEBUG: Loading theme file: /home/banana/.config/btop/themes/catppuccin_mocha.theme

2023/10/17 (00:23:56) | ===> btop++ v.1.2.13
2023/10/17 (00:23:56) | INFO: Logger set to DEBUG
2023/10/17 (00:23:56) | DEBUG: Using locale en_US.UTF-8
2023/10/17 (00:23:56) | INFO: Running on /dev/pts/1
2023/10/17 (00:23:56) | DEBUG: Loading theme file: /home/banana/.config/btop/themes/catppuccin_mocha.theme

2023/10/17 (00:24:27) | ===> btop++ v.1.2.13
2023/10/17 (00:24:27) | INFO: Logger set to DEBUG
2023/10/17 (00:24:27) | DEBUG: Using locale en_US.UTF-8
2023/10/17 (00:24:27) | INFO: Running on /dev/pts/1
2023/10/17 (00:24:27) | DEBUG: Loading theme file: /home/banana/.config/btop/themes/catppuccin_mocha.theme

2023/10/17 (00:37:53) | ===> btop++ v.1.2.13
2023/10/17 (00:37:53) | INFO: Logger set to DEBUG
2023/10/17 (00:37:53) | DEBUG: Using locale en_US.UTF-8
2023/10/17 (00:37:53) | INFO: Running on /dev/pts/1
2023/10/17 (00:37:53) | DEBUG: Loading theme file: /home/banana/.config/btop/themes/catppuccin_mocha.theme

2023/10/17 (00:37:59) | ===> btop++ v.1.2.13
2023/10/17 (00:37:59) | INFO: Logger set to DEBUG
2023/10/17 (00:37:59) | DEBUG: Using locale en_US.UTF-8
2023/10/17 (00:37:59) | INFO: Running on /dev/pts/1
2023/10/17 (00:37:59) | DEBUG: Loading theme file: /home/banana/.config/btop/themes/catppuccin_mocha.theme

2023/10/17 (00:38:10) | ===> btop++ v.1.2.13
2023/10/17 (00:38:10) | INFO: Logger set to DEBUG
2023/10/17 (00:38:10) | DEBUG: Using locale en_US.UTF-8
2023/10/17 (00:38:10) | INFO: Running on /dev/pts/1
2023/10/17 (00:38:10) | DEBUG: Loading theme file: /home/banana/.config/btop/themes/catppuccin_mocha.theme

2023/10/17 (00:38:34) | ===> btop++ v.1.2.13
2023/10/17 (00:38:34) | INFO: Logger set to DEBUG
2023/10/17 (00:38:34) | DEBUG: Using locale en_US.UTF-8
2023/10/17 (00:38:34) | INFO: Running on /dev/pts/1
2023/10/17 (00:38:34) | DEBUG: Loading theme file: /home/banana/.config/btop/themes/catppuccin_mocha.theme

2023/10/17 (08:34:54) | ===> btop++ v.1.2.13
2023/10/17 (08:34:54) | INFO: Logger set to DEBUG
2023/10/17 (08:34:54) | DEBUG: Using locale en_US.UTF-8
2023/10/17 (08:34:54) | INFO: Running on /dev/pts/3
2023/10/17 (08:34:54) | DEBUG: Loading theme file: /home/banana/.config/btop/themes/catppuccin_mocha.theme

2023/10/17 (08:38:13) | ===> btop++ v.1.2.13
2023/10/17 (08:38:13) | INFO: Logger set to DEBUG
2023/10/17 (08:38:13) | DEBUG: Using locale en_US.UTF-8
2023/10/17 (08:38:13) | INFO: Running on /dev/pts/3
2023/10/17 (08:38:13) | DEBUG: Loading theme file: /home/banana/.config/btop/themes/catppuccin_mocha.theme

2023/10/18 (11:13:19) | ===> btop++ v.1.2.13
2023/10/18 (11:13:19) | INFO: Logger set to DEBUG
2023/10/18 (11:13:19) | DEBUG: Using locale en_US.UTF-8
2023/10/18 (11:13:19) | INFO: Running on /dev/pts/1
2023/10/18 (11:13:19) | DEBUG: Loading theme file: /home/banana/.config/btop/themes/catppuccin_mocha.theme

2023/10/18 (11:53:53) | ===> btop++ v.1.2.13
2023/10/18 (11:53:53) | INFO: Logger set to DEBUG
2023/10/18 (11:53:53) | DEBUG: Using locale en_US.UTF-8
2023/10/18 (11:53:53) | INFO: Running on /dev/pts/1
2023/10/18 (11:53:53) | DEBUG: Loading theme file: /home/banana/.config/btop/themes/catppuccin_mocha.theme

2023/10/18 (19:36:42) | ===> btop++ v.1.2.13
2023/10/18 (19:36:42) | INFO: Logger set to DEBUG
2023/10/18 (19:36:42) | DEBUG: Using locale en_US.UTF-8
2023/10/18 (19:36:42) | INFO: Running on /dev/pts/2
2023/10/18 (19:36:42) | DEBUG: Loading theme file: /home/banana/.config/btop/themes/catppuccin_mocha.theme

2023/10/19 (11:35:18) | ===> btop++ v.1.2.13
2023/10/19 (11:35:18) | INFO: Logger set to DEBUG
2023/10/19 (11:35:18) | DEBUG: Using locale en_US.UTF-8
2023/10/19 (11:35:18) | INFO: Running on /dev/pts/2
2023/10/19 (11:35:18) | DEBUG: Loading theme file: /home/banana/.config/btop/themes/catppuccin_mocha.theme

2023/10/20 (11:11:35) | ===> btop++ v.1.2.13
2023/10/20 (11:11:35) | INFO: Logger set to DEBUG
2023/10/20 (11:11:35) | DEBUG: Using locale en_US.UTF-8
2023/10/20 (11:11:35) | INFO: Running on /dev/pts/1
2023/10/20 (11:11:35) | DEBUG: Loading theme file: /home/banana/.config/btop/themes/catppuccin_mocha.theme

2023/10/20 (11:16:45) | ===> btop++ v.1.2.13
2023/10/20 (11:16:45) | INFO: Logger set to DEBUG
2023/10/20 (11:16:45) | DEBUG: Using locale en_US.UTF-8
2023/10/20 (11:16:45) | INFO: Running on /dev/pts/1
2023/10/20 (11:16:45) | DEBUG: Loading theme file: /home/banana/.config/btop/themes/catppuccin_mocha.theme

2023/10/20 (21:05:22) | ===> btop++ v.1.2.13
2023/10/20 (21:05:22) | INFO: Logger set to DEBUG
2023/10/20 (21:05:22) | DEBUG: Using locale en_US.UTF-8
2023/10/20 (21:05:22) | INFO: Running on /dev/pts/1
2023/10/20 (21:05:22) | DEBUG: Loading theme file: /home/banana/.config/btop/themes/catppuccin_mocha.theme

2023/10/21 (21:12:47) | ===> btop++ v.1.2.13
2023/10/21 (21:12:47) | INFO: Logger set to DEBUG
2023/10/21 (21:12:47) | DEBUG: Using locale en_US.UTF-8
2023/10/21 (21:12:47) | INFO: Running on /dev/pts/3
2023/10/21 (21:12:47) | DEBUG: Loading theme file: /home/banana/.config/btop/themes/catppuccin_mocha.theme

2023/10/21 (21:16:40) | ===> btop++ v.1.2.13
2023/10/21 (21:16:40) | INFO: Logger set to DEBUG
2023/10/21 (21:16:40) | DEBUG: Using locale en_US.UTF-8
2023/10/21 (21:16:40) | INFO: Running on /dev/pts/0
2023/10/21 (21:16:40) | DEBUG: Loading theme file: /home/banana/.config/btop/themes/catppuccin_mocha.theme
2023/10/21 (21:17:23) | ERROR: Stall in Runner thread, restarting!
2023/10/21 (21:17:28) | ERROR: Stall in Runner thread, restarting!
2023/10/21 (21:17:33) | ERROR: Stall in Runner thread, restarting!
2023/10/21 (21:17:39) | ERROR: Stall in Runner thread, restarting!

2023/10/21 (21:17:44) | ===> btop++ v.1.2.13
2023/10/21 (21:17:44) | INFO: Logger set to DEBUG
2023/10/21 (21:17:44) | DEBUG: Using locale en_US.UTF-8
2023/10/21 (21:17:44) | INFO: Running on /dev/pts/1
2023/10/21 (21:17:44) | DEBUG: Loading theme file: /home/banana/.config/btop/themes/catppuccin_mocha.theme
2023/10/21 (21:17:49) | ERROR: Stall in Runner thread, restarting!

2023/10/23 (00:19:17) | ===> btop++ v.1.2.13
2023/10/23 (00:19:17) | INFO: Logger set to DEBUG
2023/10/23 (00:19:17) | DEBUG: Using locale en_US.UTF-8
2023/10/23 (00:19:17) | INFO: Running on /dev/pts/4
2023/10/23 (00:19:17) | WARNING: Failed to get disk/partition stats for mount "/mnt" with statvfs64 error code: 5. Ignoring...
2023/10/23 (00:19:17) | DEBUG: Loading theme file: /home/banana/.config/btop/themes/catppuccin_mocha.theme

2023/10/23 (01:05:27) | ===> btop++ v.1.2.13
2023/10/23 (01:05:27) | INFO: Logger set to DEBUG
2023/10/23 (01:05:27) | DEBUG: Using locale en_US.UTF-8
2023/10/23 (01:05:27) | INFO: Running on /dev/pts/4
2023/10/23 (01:05:27) | WARNING: Failed to get disk/partition stats for mount "/mnt" with statvfs64 error code: 5. Ignoring...
2023/10/23 (01:05:27) | DEBUG: Loading theme file: /home/banana/.config/btop/themes/catppuccin_mocha.theme

2023/10/23 (01:28:03) | ===> btop++ v.1.2.13
2023/10/23 (01:28:03) | INFO: Logger set to DEBUG
2023/10/23 (01:28:03) | DEBUG: Using locale en_US.UTF-8
2023/10/23 (01:28:03) | INFO: Running on /dev/pts/1
2023/10/23 (01:28:03) | DEBUG: Loading theme file: /home/banana/.config/btop/themes/catppuccin_mocha.theme

2023/10/23 (09:57:35) | ===> btop++ v.1.2.13
2023/10/23 (09:57:35) | INFO: Logger set to DEBUG
2023/10/23 (09:57:35) | DEBUG: Using locale en_US.UTF-8
2023/10/23 (09:57:35) | INFO: Running on /dev/pts/1
2023/10/23 (09:57:35) | DEBUG: Loading theme file: /home/banana/.config/btop/themes/catppuccin_mocha.theme

2023/10/23 (10:40:26) | ===> btop++ v.1.2.13
2023/10/23 (10:40:26) | INFO: Logger set to DEBUG
2023/10/23 (10:40:26) | DEBUG: Using locale en_US.UTF-8
2023/10/23 (10:40:26) | INFO: Running on /dev/pts/3
2023/10/23 (10:40:26) | DEBUG: Loading theme file: /home/banana/.config/btop/themes/catppuccin_mocha.theme

2023/10/23 (11:50:07) | ===> btop++ v.1.2.13
2023/10/23 (11:50:07) | INFO: Logger set to DEBUG
2023/10/23 (11:50:07) | DEBUG: Using locale en_US.UTF-8
2023/10/23 (11:50:07) | INFO: Running on /dev/pts/2
2023/10/23 (11:50:07) | DEBUG: Loading theme file: /home/banana/.config/btop/themes/catppuccin_mocha.theme

2023/10/23 (14:05:54) | ===> btop++ v.1.2.13
2023/10/23 (14:05:54) | INFO: Logger set to DEBUG
2023/10/23 (14:05:54) | DEBUG: Using locale en_US.UTF-8
2023/10/23 (14:05:54) | INFO: Running on /dev/pts/2
2023/10/23 (14:05:54) | DEBUG: Loading theme file: /home/banana/.config/btop/themes/catppuccin_mocha.theme

2023/10/23 (15:34:55) | ===> btop++ v.1.2.13
2023/10/23 (15:34:55) | INFO: Logger set to DEBUG
2023/10/23 (15:34:55) | DEBUG: Using locale en_US.UTF-8
2023/10/23 (15:34:55) | INFO: Running on /dev/pts/3
2023/10/23 (15:34:55) | DEBUG: Loading theme file: /home/banana/.config/btop/themes/catppuccin_mocha.theme

2023/10/23 (15:35:58) | ===> btop++ v.1.2.13
2023/10/23 (15:35:58) | INFO: Logger set to DEBUG
2023/10/23 (15:35:58) | DEBUG: Using locale en_US.UTF-8
2023/10/23 (15:35:58) | INFO: Running on /dev/pts/4
2023/10/23 (15:35:58) | DEBUG: Loading theme file: /home/banana/.config/btop/themes/catppuccin_mocha.theme

2023/10/23 (15:38:11) | ===> btop++ v.1.2.13
2023/10/23 (15:38:11) | INFO: Logger set to DEBUG
2023/10/23 (15:38:11) | DEBUG: Using locale en_US.UTF-8
2023/10/23 (15:38:11) | INFO: Running on /dev/pts/5
2023/10/23 (15:38:11) | DEBUG: Loading theme file: /home/banana/.config/btop/themes/catppuccin_mocha.theme

2023/10/24 (22:40:47) | ===> btop++ v.1.2.13
2023/10/24 (22:40:47) | INFO: Logger set to DEBUG
2023/10/24 (22:40:47) | DEBUG: Using locale en_US.UTF-8
2023/10/24 (22:40:47) | INFO: Running on /dev/pts/3
2023/10/24 (22:40:47) | DEBUG: Loading theme file: /home/banana/.config/btop/themes/catppuccin_mocha.theme

2023/10/24 (22:43:49) | ===> btop++ v.1.2.13
2023/10/24 (22:43:49) | INFO: Logger set to DEBUG
2023/10/24 (22:43:49) | DEBUG: Using locale en_US.UTF-8
2023/10/24 (22:43:49) | INFO: Running on /dev/pts/2
2023/10/24 (22:43:49) | DEBUG: Loading theme file: /home/banana/.config/btop/themes/catppuccin_mocha.theme

2023/10/24 (22:48:21) | ===> btop++ v.1.2.13
2023/10/24 (22:48:21) | INFO: Logger set to DEBUG
2023/10/24 (22:48:21) | DEBUG: Using locale en_US.UTF-8
2023/10/24 (22:48:21) | INFO: Running on /dev/pts/2
2023/10/24 (22:48:21) | DEBUG: Loading theme file: /home/banana/.config/btop/themes/catppuccin_mocha.theme

2023/10/24 (22:48:40) | ===> btop++ v.1.2.13
2023/10/24 (22:48:40) | INFO: Logger set to DEBUG
2023/10/24 (22:48:40) | DEBUG: Using locale en_US.UTF-8
2023/10/24 (22:48:40) | INFO: Running on /dev/pts/3
2023/10/24 (22:48:40) | DEBUG: Loading theme file: /home/banana/.config/btop/themes/catppuccin_mocha.theme

2023/10/25 (23:11:20) | ===> btop++ v.1.2.13
2023/10/25 (23:11:20) | INFO: Logger set to DEBUG
2023/10/25 (23:11:20) | DEBUG: Using locale en_US.UTF-8
2023/10/25 (23:11:20) | INFO: Running on /dev/pts/0
2023/10/25 (23:11:20) | DEBUG: Loading theme file: /home/banana/.config/btop/themes/catppuccin_mocha.theme

2023/10/25 (23:17:54) | ===> btop++ v.1.2.13
2023/10/25 (23:17:54) | INFO: Logger set to DEBUG
2023/10/25 (23:17:54) | DEBUG: Using locale en_US.UTF-8
2023/10/25 (23:17:54) | INFO: Running on /dev/pts/1
2023/10/25 (23:17:54) | DEBUG: Loading theme file: /home/banana/.config/btop/themes/catppuccin_mocha.theme

2023/10/25 (23:32:50) | ===> btop++ v.1.2.13
2023/10/25 (23:32:50) | INFO: Logger set to DEBUG
2023/10/25 (23:32:50) | DEBUG: Using locale en_US.UTF-8
2023/10/25 (23:32:50) | INFO: Running on /dev/pts/1
2023/10/25 (23:32:50) | DEBUG: Loading theme file: /home/banana/.config/btop/themes/catppuccin_mocha.theme

2023/10/26 (10:03:20) | ===> btop++ v.1.2.13
2023/10/26 (10:03:20) | INFO: Logger set to DEBUG
2023/10/26 (10:03:20) | DEBUG: Using locale en_US.UTF-8
2023/10/26 (10:03:20) | INFO: Running on /dev/pts/1
2023/10/26 (10:03:20) | DEBUG: Loading theme file: /home/banana/.config/btop/themes/catppuccin_mocha.theme

2023/10/26 (10:32:17) | ===> btop++ v.1.2.13
2023/10/26 (10:32:17) | INFO: Logger set to DEBUG
2023/10/26 (10:32:17) | DEBUG: Using locale en_US.UTF-8
2023/10/26 (10:32:17) | INFO: Running on /dev/pts/2
2023/10/26 (10:32:17) | DEBUG: Loading theme file: /home/banana/.config/btop/themes/catppuccin_mocha.theme

2023/10/27 (12:41:43) | ===> btop++ v.1.2.13
2023/10/27 (12:41:43) | INFO: Logger set to DEBUG
2023/10/27 (12:41:43) | DEBUG: Using locale en_US.UTF-8
2023/10/27 (12:41:43) | INFO: Running on /dev/pts/1
2023/10/27 (12:41:43) | DEBUG: Loading theme file: /home/banana/.config/btop/themes/catppuccin_mocha.theme

2023/10/30 (01:17:11) | ===> btop++ v.1.2.13
2023/10/30 (01:17:11) | INFO: Logger set to DEBUG
2023/10/30 (01:17:11) | DEBUG: Using locale en_US.UTF-8
2023/10/30 (01:17:11) | INFO: Running on /dev/pts/1
2023/10/30 (01:17:11) | DEBUG: Loading theme file: /home/banana/.config/btop/themes/catppuccin_mocha.theme

2023/11/06 (11:10:57) | ===> btop++ v.1.2.13
2023/11/06 (11:10:57) | INFO: Logger set to DEBUG
2023/11/06 (11:10:57) | DEBUG: Using locale en_US.UTF-8
2023/11/06 (11:10:57) | INFO: Running on /dev/pts/2
2023/11/06 (11:10:57) | DEBUG: Loading theme file: /home/banana/.config/btop/themes/catppuccin_mocha.theme

2023/11/08 (15:03:42) | ===> btop++ v.1.2.13
2023/11/08 (15:03:42) | INFO: Logger set to DEBUG
2023/11/08 (15:03:42) | DEBUG: Using locale en_US.UTF-8
2023/11/08 (15:03:42) | INFO: Running on /dev/pts/0
2023/11/08 (15:03:42) | DEBUG: Loading theme file: /home/banana/.config/btop/themes/catppuccin_mocha.theme

2023/11/08 (15:04:07) | ===> btop++ v.1.2.13
2023/11/08 (15:04:07) | INFO: Logger set to DEBUG
2023/11/08 (15:04:07) | DEBUG: Using locale en_US.UTF-8
2023/11/08 (15:04:07) | INFO: Running on /dev/pts/0
2023/11/08 (15:04:07) | DEBUG: Loading theme file: /home/banana/.config/btop/themes/catppuccin_mocha.theme

2023/11/08 (15:04:45) | ===> btop++ v.1.2.13
2023/11/08 (15:04:45) | INFO: Logger set to DEBUG
2023/11/08 (15:04:45) | DEBUG: Using locale en_US.UTF-8
2023/11/08 (15:04:45) | INFO: Running on /dev/pts/3
2023/11/08 (15:04:45) | DEBUG: Loading theme file: /home/banana/.config/btop/themes/catppuccin_mocha.theme

2023/11/08 (15:11:31) | ===> btop++ v.1.2.13
2023/11/08 (15:11:31) | INFO: Logger set to DEBUG
2023/11/08 (15:11:31) | DEBUG: Using locale en_US.UTF-8
2023/11/08 (15:11:31) | INFO: Running on /dev/pts/0
2023/11/08 (15:11:31) | DEBUG: Loading theme file: /home/banana/.config/btop/themes/catppuccin_mocha.theme

2023/11/15 (11:01:19) | ===> btop++ v.1.2.13
2023/11/15 (11:01:19) | INFO: Logger set to DEBUG
2023/11/15 (11:01:19) | DEBUG: Using locale en_US.UTF-8
2023/11/15 (11:01:19) | INFO: Running on /dev/pts/0
2023/11/15 (11:01:19) | DEBUG: Loading theme file: /home/banana/.config/btop/themes/catppuccin_mocha.theme

2023/11/15 (11:19:44) | ===> btop++ v.1.2.13
2023/11/15 (11:19:44) | INFO: Logger set to DEBUG
2023/11/15 (11:19:44) | DEBUG: Using locale en_US.UTF-8
2023/11/15 (11:19:44) | INFO: Running on /dev/pts/0
2023/11/15 (11:19:44) | DEBUG: Loading theme file: /home/banana/.config/btop/themes/catppuccin_mocha.theme

2023/11/16 (12:50:19) | ===> btop++ v.1.2.13
2023/11/16 (12:50:19) | INFO: Logger set to DEBUG
2023/11/16 (12:50:19) | DEBUG: Using locale en_US.UTF-8
2023/11/16 (12:50:19) | INFO: Running on /dev/pts/0
2023/11/16 (12:50:20) | DEBUG: Loading theme file: /home/banana/.config/btop/themes/catppuccin_mocha.theme

2023/11/16 (14:10:35) | ===> btop++ v.1.2.13
2023/11/16 (14:10:35) | INFO: Logger set to DEBUG
2023/11/16 (14:10:35) | DEBUG: Using locale en_US.UTF-8
2023/11/16 (14:10:35) | INFO: Running on /dev/pts/0
2023/11/16 (14:10:35) | DEBUG: Loading theme file: /home/banana/.config/btop/themes/catppuccin_mocha.theme

2023/11/17 (10:16:54) | ===> btop++ v.1.2.13
2023/11/17 (10:16:54) | INFO: Logger set to DEBUG
2023/11/17 (10:16:54) | DEBUG: Using locale en_US.UTF-8
2023/11/17 (10:16:54) | INFO: Running on /dev/pts/0
2023/11/17 (10:16:54) | DEBUG: Loading theme file: /home/banana/.config/btop/themes/catppuccin_mocha.theme

2023/11/20 (10:55:35) | ===> btop++ v.1.2.13
2023/11/20 (10:55:35) | INFO: Logger set to DEBUG
2023/11/20 (10:55:35) | DEBUG: Using locale en_US.UTF-8
2023/11/20 (10:55:35) | INFO: Running on /dev/pts/1
2023/11/20 (10:55:35) | DEBUG: Loading theme file: /home/banana/.config/btop/themes/catppuccin_mocha.theme

2023/11/20 (10:58:34) | ===> btop++ v.1.2.13
2023/11/20 (10:58:34) | INFO: Logger set to DEBUG
2023/11/20 (10:58:34) | DEBUG: Using locale en_US.UTF-8
2023/11/20 (10:58:34) | INFO: Running on /dev/pts/2
2023/11/20 (10:58:34) | DEBUG: Loading theme file: /home/banana/.config/btop/themes/catppuccin_mocha.theme

2023/11/20 (11:00:14) | ===> btop++ v.1.2.13
2023/11/20 (11:00:14) | INFO: Logger set to DEBUG
2023/11/20 (11:00:14) | DEBUG: Using locale en_US.UTF-8
2023/11/20 (11:00:14) | INFO: Running on /dev/pts/2
2023/11/20 (11:00:14) | DEBUG: Loading theme file: /home/banana/.config/btop/themes/catppuccin_mocha.theme

2023/11/24 (20:02:34) | ===> btop++ v.1.2.13
2023/11/24 (20:02:34) | INFO: Logger set to DEBUG
2023/11/24 (20:02:34) | DEBUG: Using locale en_US.UTF-8
2023/11/24 (20:02:34) | INFO: Running on /dev/pts/0
2023/11/24 (20:02:34) | DEBUG: Loading theme file: /home/banana/.config/btop/themes/catppuccin_mocha.theme
2023/11/24 (20:03:13) | INFO: Quitting! Runtime: 00:00:39
